Case #1: [E, A]
Case #2: [R, I, R]
Case #3: [F, D, T]
Case #4: [Z, E, R, A]
Case #5: []
Case #6: [M, B, N, O, Q]
Case #7: [P, B, T]
Case #8: [S, K, K, J, J, N, Z, C, I, N]
Case #9: [H, T, X, L, M]
Case #10: [H, H, L, K, N, B, C, U, K, B, L, T, H, C, G, H, T, T, H, T, H, P, K, H, K, P, U, L, T, X, T, U, T, U, P, H, K, H, K, H, T, U, K, G, H, U, B, X, Q]
Case #11: [V, B, E, M, N, D, J, V, F, K, W, D, I, L, E, M, A, T, Z, W, O]
Case #12: [Z]
Case #13: [K, H, I]
Case #14: []
Case #15: [Z, J, L, U]
Case #16: [W]
Case #17: [C, U, I]
Case #18: [W, H, I, C, H, S, E, A, T, S, H, O, U, L, I, D, T, A, A, A, A, A, A, A, A, A, A, A, A, A, A, A, A, A, A, A, A, A, A, A, A, A, A, A, A, A, A, A, A, A, A, A, A, A, A, A, A, A, A, A, A, A, A, K, E]
Case #19: [R]
Case #20: [T, H, E, C, A, K, E, I, S, A, L, I, E]
Case #21: [X, B, O, Z, V, O, Z, L, N, H, H, N, D, B, V, B, Z]
Case #22: [N, G, E, Y, R, U, M, E, Q]
Case #23: []
Case #24: [G]
Case #25: [D]
Case #26: [E, S, E, F, W, R, X, M, E, X, F, W]
Case #27: [H, Y, J, B, W]
Case #28: [Z, Z, Z, Z, Z]
Case #29: []
Case #30: []
Case #31: [S, S]
Case #32: []
Case #33: []
Case #34: [C, B, B, T, B, T, N, I, H, K, H, Y, U, N, T, M, G, M, C, Y, T, M, U, C, Y, M, O, O, M, M, B, O, N, N, B, K, Y, C, Z, I, C, N, T, O, M]
Case #35: []
Case #36: [K]
Case #37: [N, W]
Case #38: [M, P, C, G, Y, M]
Case #39: []
Case #40: [R]
Case #41: [Q]
Case #42: [W]
Case #43: [P, Z, T, Z, C, Q, V]
Case #44: [P, U, R]
Case #45: [R]
Case #46: [F]
Case #47: [D, R, P, P, S]
Case #48: [G, P, H, H, S, P]
Case #49: [F]
Case #50: [J, O, U, Z, X, Z, U, X, U, N, N, A]
Case #51: [J, Y, Z, Z, P, O, L, Q, C, E]
Case #52: []
Case #53: [G, W]
Case #54: []
Case #55: [L, K, J, I, T, M, Z, I, R, Q, S, N, V, M]
Case #56: [C, P, A, S, V, Q]
Case #57: []
Case #58: [J, U, P, Z]
Case #59: [M, V, H, J, H, Y, L, H, C, U, T, V, B, Y, C, N, Q]
Case #60: [F, R, I, D, Y, A, F, R, I, D, Y, A, G, O, T, T, A, G, E, T, O, D, G, Q, O, N, F, R, I, D, Y, A]
Case #61: [H, C, D]
Case #62: [T, H, L, F]
Case #63: []
Case #64: [L, S]
Case #65: [I, I, E, E, E]
Case #66: [Z, Z, Z, Z, Z, Z, Z, Z, Z, Z, Z, Z, Z, Z, Z, Z, Z, Z, Z, Z, Z, Z, Z, Z, Z, Z, Z, Z, Z, Z, Z, Z, Z, Z, Z, Z, Z, Z, Z, Z, Z, Z, Z, Z, Z, Z, Z, Z, Z, W]
Case #67: [N, A, N, A, N, A, N, A, N, A, N, A, N, A, N, A, N, A, N, A, N, A, N, A, N, A, N, A, N, A, N, A, N, A, N, A, N, A, N, A, B, A, T, M, A, N]
Case #68: [O, J]
Case #69: [A, W, A, R, E, N, E, S, S]
Case #70: [B, X, T, Y, H]
Case #71: []
Case #72: [Q, F]
Case #73: [X, Z, G, X, G, L, C, X, L, Z]
Case #74: [Y, R, U, S]
Case #75: [B, D, C, H, E, N, U, Q, O, S, D, J, G, F, D, X, H, A, N, W, V, L, C, H, K, A, E, B, L, G, K, S, M, X, K, X, S, X, K, V, J, X, N, B, L, H, B, Q, R, D]
Case #76: [I, T, G, H, O, D, D, Q, E, X, T, V, S, M, O, Z, F, F, G, T, C, C, G, T, F, X, N, N, M, B, U, G, T, O, F, R, L, U, R, S, G, Q, T, O, A, Z, S, R, L]
Case #77: [X, Z, I, X, T]
Case #78: [L, K, V, Y, C, V, T]
Case #79: [F, B, P, X, R, G, I, E, P]
Case #80: [V, H, E, R, R]
Case #81: [G, B, T, Z, B, O, C, O, G, U, B, H, T, H]
Case #82: [B, E, S, U, R, E, T, O, D, R, I, N, K, Y, O, U, R, O, V, A, L, T, I, N, E]
Case #83: [O, S, Z, Z, U]
Case #84: [E, D]
Case #85: [F]
Case #86: [S]
Case #87: [O, A]
Case #88: []
Case #89: [F]
Case #90: []
Case #91: [A, A, A, A, A, A, A, A, A, A]
Case #92: []
Case #93: [I, B, I, R, O]
Case #94: []
Case #95: [Q, Q, W, E, R, G, D, F, S]
Case #96: [E, D]
Case #97: [D, E, A, F, D, E, A, R, S]
Case #98: [R]
Case #99: [L, Y, V, U]
Case #100: [A]